#-----------------------------------------------------------
# Vivado v2018.3 (64-bit)
# SW Build 2405991 on Thu Dec  6 23:38:27 MST 2018
# IP Build 2404404 on Fri Dec  7 01:43:56 MST 2018
# Start of session at: Tue Nov 18 19:55:00 2025
# Process ID: 3264
# Current directory: W:/vivado/DemoStudy/51_eth_udp_loop/prj
# Command line: vivado.exe -gui_launcher_event rodinguilauncherevent15160 W:\vivado\DemoStudy\51_eth_udp_loop\prj\eth_udp_loop.xpr
# Log file: W:/vivado/DemoStudy/51_eth_udp_loop/prj/vivado.log
# Journal file: W:/vivado/DemoStudy/51_eth_udp_loop/prj\vivado.jou
#-----------------------------------------------------------
start_gui
open_project W:/vivado/DemoStudy/51_eth_udp_loop/prj/eth_udp_loop.xpr
INFO: [Project 1-313] Project file moved from 'D:/ywd/dfq/53_eth_udp_loop/prj' since last save.
ERROR: [Project 1-208] No val for DA Elab Attr
Scanning sources...
Finished scanning sources
CRITICAL WARNING: [Project 1-192] Failed to load run synth_1. Strategy Vivado Synthesis Defaults (Vivado Synthesis 2020) not recognized by Vivado. 

CRITICAL WARNING: [Project 1-192] Failed to load run async_fifo_2048x8b_synth_1. Strategy Vivado Synthesis Defaults (Vivado Synthesis 2020) not recognized by Vivado. 

CRITICAL WARNING: [Project 1-192] Failed to load run clk_wiz_0_synth_1. Strategy Vivado Synthesis Defaults (Vivado Synthesis 2020) not recognized by Vivado. 

CRITICAL WARNING: [Project 1-192] Failed to load run impl_1. Strategy Vivado Implementation Defaults (Vivado Implementation 2020) not recognized by Vivado. 

CRITICAL WARNING: [Project 1-192] Failed to load run async_fifo_2048x8b_impl_1. Strategy Vivado Implementation Defaults (Vivado Implementation 2020) not recognized by Vivado. 

CRITICAL WARNING: [Project 1-192] Failed to load run clk_wiz_0_impl_1. Strategy Vivado Implementation Defaults (Vivado Implementation 2020) not recognized by Vivado. 

CRITICAL WARNING: [Project 1-532] XML ERROR: Project Option SimulatorInstallDirModelSim has no valid value
CRITICAL WARNING: [Project 1-532] XML ERROR: Project Option SimulatorInstallDirQuesta has no valid value
CRITICAL WARNING: [Project 1-532] XML ERROR: Project Option SimulatorInstallDirIES has no valid value
CRITICAL WARNING: [Project 1-532] XML ERROR: Project Option SimulatorInstallDirXcelium has no valid value
CRITICAL WARNING: [Project 1-532] XML ERROR: Project Option SimulatorInstallDirVCS has no valid value
CRITICAL WARNING: [Project 1-532] XML ERROR: Project Option SimulatorInstallDirRiviera has no valid value
CRITICAL WARNING: [Project 1-532] XML ERROR: Project Option SimulatorInstallDirActiveHdl has no valid value
CRITICAL WARNING: [Project 1-532] XML ERROR: Project Option SimulatorGccInstallDirModelSim has no valid value
CRITICAL WARNING: [Project 1-532] XML ERROR: Project Option SimulatorGccInstallDirQuesta has no valid value
CRITICAL WARNING: [Project 1-532] XML ERROR: Project Option SimulatorGccInstallDirIES has no valid value
CRITICAL WARNING: [Project 1-532] XML ERROR: Project Option SimulatorGccInstallDirXcelium has no valid value
CRITICAL WARNING: [Project 1-532] XML ERROR: Project Option SimulatorGccInstallDirVCS has no valid value
CRITICAL WARNING: [Project 1-532] XML ERROR: Project Option SimulatorGccInstallDirRiviera has no valid value
CRITICAL WARNING: [Project 1-532] XML ERROR: Project Option SimulatorGccInstallDirActiveHdl has no valid value
CRITICAL WARNING: [Project 1-505] Unrecognized Option Name IPDefaultOutputPath
CRITICAL WARNING: [Project 1-505] Unrecognized Option Name DcpsUptoDate
WARNING: [IP_Flow 19-395] Problem validating against XML schema: see 'xilinx:componentInstanceExtensions' : Bad end of element
CRITICAL WARNING: [IP_Flow 19-5097] Unable to determine VLNV from IP file; verify it has the correct syntax: W:/vivado/DemoStudy/51_eth_udp_loop/prj/eth_udp_loop.srcs/sources_1/ip/async_fifo_2048x8b/async_fifo_2048x8b.xci
WARNING: [IP_Flow 19-395] Problem validating against XML schema: see 'xilinx:componentInstanceExtensions' : Bad end of element
CRITICAL WARNING: [IP_Flow 19-5097] Unable to determine VLNV from IP file; verify it has the correct syntax: W:/vivado/DemoStudy/51_eth_udp_loop/prj/eth_udp_loop.srcs/sources_1/ip/clk_wiz_0/clk_wiz_0.xci
WARNING: [Project 1-231] Project 'eth_udp_loop.xpr' was created with a future version and may or may not perform reliably with this version of Vivado. It has been opened in read-only mode for the protection of unrecognized data. Use 'File | Save Project As...' if you wish to alter a copy of the project.
INFO: [IP_Flow 19-234] Refreshing IP repositories
INFO: [IP_Flow 19-1704] No user IP repositories specified
INFO: [IP_Flow 19-2313] Loaded Vivado IP repository 'F:/Xilinx/Vivado/2018.3/data/ip'.
open_project: Time (s): cpu = 00:00:11 ; elapsed = 00:00:10 . Memory (MB): peak = 850.391 ; gain = 115.461
ERROR: [Common 17-39] 'open_project' failed due to earlier errors.
update_compile_order -fileset sources_1
save_project_as eth_udp_loop W:/vivado/DemoStudy/51_eth_udp_loop/eth_udp_loop -force
save_project_as: Time (s): cpu = 00:00:09 ; elapsed = 00:00:09 . Memory (MB): peak = 892.199 ; gain = 19.730
launch_runs impl_1 -to_step write_bitstream -jobs 3
[Tue Nov 18 19:56:26 2025] Launched synth_1...
Run output will be captured here: W:/vivado/DemoStudy/51_eth_udp_loop/eth_udp_loop/eth_udp_loop.runs/synth_1/runme.log
[Tue Nov 18 19:56:26 2025] Launched impl_1...
Run output will be captured here: W:/vivado/DemoStudy/51_eth_udp_loop/eth_udp_loop/eth_udp_loop.runs/impl_1/runme.log
exit
INFO: [Common 17-206] Exiting Vivado at Tue Nov 18 19:57:04 2025...
